<?xml version="1.0" encoding="UTF-8" standalone="yes"?>
<IssueRoot>
    <Issue>
        <Allowance>
            <AllowanceDate></AllowanceDate>
            <AllowanceExclusiveAmount></AllowanceExclusiveAmount>
            <AllowanceNumber></AllowanceNumber>
            <AllowancePaperReturned></AllowancePaperReturned>
            <AllowanceTax></AllowanceTax>
        </Allowance>
        <BI>
            <Attr1></Attr1>
            <Attr10></Attr10>
            <Attr11></Attr11>
            <Attr12></Attr12>
            <Attr13></Attr13>
            <Attr14></Attr14>
            <Attr15></Attr15>
            <Attr16></Attr16>
            <Attr17></Attr17>
            <Attr18></Attr18>
            <Attr19></Attr19>
            <Attr2></Attr2>
            <Attr20></Attr20>
            <Attr21></Attr21>
            <Attr22></Attr22>
            <Attr23></Attr23>
            <Attr24></Attr24>
            <Attr25></Attr25>
            <Attr26></Attr26>
            <Attr27></Attr27>
            <Attr28></Attr28>
            <Attr29></Attr29>
            <Attr3></Attr3>
            <Attr30></Attr30>
            <Attr4></Attr4>
            <Attr5></Attr5>
            <Attr6></Attr6>
            <Attr7></Attr7>
            <Attr8></Attr8>
            <Attr9></Attr9>
        </BI>
        <Buyer>
            <Address>台北市南港區園區街100號7樓</Address>
            <Name>RichardLiu</Name>
            <UnifiedNumber>97162640</UnifiedNumber>
        </Buyer>
        <Enterprise>
            <CompanyUN>00123411</CompanyUN>
            <OrgId>A0A001</OrgId>
            <OrgUN>00423222</OrgUN>
        </Enterprise>
        <InvoiceInfo>
            <CarrierId>JWKTJ3Q</CarrierId>
            <CarrierType>3J0002</CarrierType>
            <Donate>N</Donate>
            <DonationUnit></DonationUnit>
            <Paper>N</Paper>
            <PaperPrinted>N</PaperPrinted>
        </InvoiceInfo>
        <Items/>
        <Main>
            <Identifier>00123411A0A001XYZ</Identifier>
            <InvoiceNumber></InvoiceNumber>
            <Total>700</Total>
            <TransactionDate>20150227</TransactionDate>
            <TransactionNumber>1234567890</TransactionNumber>
            <Type>I</Type>
        </Main>
        <Member>
            <Email>20150205@test.com</Email>
            <MemberId>MemberId</MemberId>
            <Mobile>0911111111</Mobile>
        </Member>
        <Other>
            <UserDefined1></UserDefined1>
            <UserDefined10></UserDefined10>
            <UserDefined2></UserDefined2>
            <UserDefined3></UserDefined3>
            <UserDefined4></UserDefined4>
            <UserDefined5></UserDefined5>
            <UserDefined6></UserDefined6>
            <UserDefined7></UserDefined7>
            <UserDefined8></UserDefined8>
            <UserDefined9></UserDefined9>
        </Other>
        <Receiver>
            <Address>台北市南港區園區街100號7樓</Address>
            <Name>RichardLiu</Name>
            <Phone>0911111111</Phone>
        </Receiver>
        <SerialNum>
		0001
		</SerialNum>
    </Issue>
</IssueRoot>
